[0518/095647:ERROR:proxy_service_factory.cc(111)] Cannot use V8 Proxy resolver in single process mode.
[0518/103629:ERROR:ipc_mojo_bootstrap.cc(105)] Got inconsistent message from client.
[0518/103637:ERROR:renderer_main.cc(227)] Running without renderer sandbox
[0518/103923:ERROR:ipc_mojo_bootstrap.cc(105)] Got inconsistent message from client.
[0518/103942:ERROR:renderer_main.cc(227)] Running without renderer sandbox
[0518/104100:FATAL:content_main_runner.cc(739)] Check failed: InitializeSandbox(params.sandbox_info). 
[0518/104347:ERROR:proxy_service_factory.cc(111)] Cannot use V8 Proxy resolver in single process mode.
[0518/105133:ERROR:child_process_launcher.cc(396)] Failed to launch child process
[0518/105133:ERROR:child_process_launcher.cc(396)] Failed to launch child process
[0518/105218:FATAL:content_main_runner.cc(739)] Check failed: InitializeSandbox(params.sandbox_info). 
[0518/105735:ERROR:child_process_launcher.cc(396)] Failed to launch child process
[0518/105735:ERROR:child_process_launcher.cc(396)] Failed to launch child process
[0518/105802:FATAL:content_main_runner.cc(739)] Check failed: InitializeSandbox(params.sandbox_info). 
[0518/114901:ERROR:child_process_launcher.cc(396)] Failed to launch child process
[0518/114901:ERROR:child_process_launcher.cc(396)] Failed to launch child process
[0518/114908:FATAL:content_main_runner.cc(739)] Check failed: InitializeSandbox(params.sandbox_info). 
[0518/120910:ERROR:proxy_service_factory.cc(111)] Cannot use V8 Proxy resolver in single process mode.
[0518/121055:ERROR:proxy_service_factory.cc(111)] Cannot use V8 Proxy resolver in single process mode.
[0518/121109:FATAL:content_main_runner.cc(739)] Check failed: InitializeSandbox(params.sandbox_info). 
[0518/121235:ERROR:proxy_service_factory.cc(111)] Cannot use V8 Proxy resolver in single process mode.
[0518/121419:ERROR:proxy_service_factory.cc(111)] Cannot use V8 Proxy resolver in single process mode.
[0518/121940:ERROR:proxy_service_factory.cc(111)] Cannot use V8 Proxy resolver in single process mode.
[0518/121945:WARNING:pref_notifier_impl.cc(27)] pref observer found at shutdown proxy
[0518/122323:FATAL:content_main_runner.cc(739)] Check failed: InitializeSandbox(params.sandbox_info). 
[0518/122415:ERROR:proxy_service_factory.cc(111)] Cannot use V8 Proxy resolver in single process mode.
[0518/122424:WARNING:pref_notifier_impl.cc(27)] pref observer found at shutdown proxy
[0518/122548:ERROR:proxy_service_factory.cc(111)] Cannot use V8 Proxy resolver in single process mode.
[0518/122726:FATAL:content_main_runner.cc(739)] Check failed: InitializeSandbox(params.sandbox_info). 
[0518/122815:ERROR:proxy_service_factory.cc(111)] Cannot use V8 Proxy resolver in single process mode.
[0518/123605:ERROR:proxy_service_factory.cc(111)] Cannot use V8 Proxy resolver in single process mode.
[0518/123614:FATAL:content_main_runner.cc(739)] Check failed: InitializeSandbox(params.sandbox_info). 
[0518/123807:ERROR:proxy_service_factory.cc(111)] Cannot use V8 Proxy resolver in single process mode.
[0518/123823:FATAL:content_main_runner.cc(739)] Check failed: InitializeSandbox(params.sandbox_info). 
[0518/123936:ERROR:proxy_service_factory.cc(111)] Cannot use V8 Proxy resolver in single process mode.
[0518/140325:ERROR:proxy_service_factory.cc(111)] Cannot use V8 Proxy resolver in single process mode.
[0518/140407:FATAL:content_main_runner.cc(739)] Check failed: InitializeSandbox(params.sandbox_info). 
[0518/141110:ERROR:proxy_service_factory.cc(111)] Cannot use V8 Proxy resolver in single process mode.
[0518/141154:FATAL:content_main_runner.cc(739)] Check failed: InitializeSandbox(params.sandbox_info). 
[0518/143107:ERROR:proxy_service_factory.cc(111)] Cannot use V8 Proxy resolver in single process mode.
[0518/143157:ERROR:proxy_service_factory.cc(111)] Cannot use V8 Proxy resolver in single process mode.
[0518/143205:FATAL:content_main_runner.cc(739)] Check failed: InitializeSandbox(params.sandbox_info). 
[0518/143326:ERROR:proxy_service_factory.cc(111)] Cannot use V8 Proxy resolver in single process mode.
[0518/143335:FATAL:content_main_runner.cc(739)] Check failed: InitializeSandbox(params.sandbox_info). 
[0518/144741:ERROR:ipc_mojo_bootstrap.cc(105)] Got inconsistent message from client.
[0518/144741:ERROR:renderer_main.cc(227)] Running without renderer sandbox
[0518/144741:FATAL:content_main_runner.cc(728)] Check failed: InitializeSandbox(params.sandbox_info). 
[0518/163233:ERROR:proxy_service_factory.cc(111)] Cannot use V8 Proxy resolver in single process mode.
[0519/105120:ERROR:proxy_service_factory.cc(111)] Cannot use V8 Proxy resolver in single process mode.
[0519/105129:FATAL:content_main_runner.cc(739)] Check failed: InitializeSandbox(params.sandbox_info). 
[0519/113219:ERROR:proxy_service_factory.cc(111)] Cannot use V8 Proxy resolver in single process mode.
[0519/113224:FATAL:content_main_runner.cc(739)] Check failed: InitializeSandbox(params.sandbox_info). 
[0519/113915:ERROR:proxy_service_factory.cc(111)] Cannot use V8 Proxy resolver in single process mode.
[0519/144428:ERROR:proxy_service_factory.cc(111)] Cannot use V8 Proxy resolver in single process mode.
[0519/144433:FATAL:content_main_runner.cc(739)] Check failed: InitializeSandbox(params.sandbox_info). 
[0519/144535:ERROR:proxy_service_factory.cc(111)] Cannot use V8 Proxy resolver in single process mode.
[0519/144624:ERROR:child_process_launcher.cc(396)] Failed to launch child process
[0519/144624:ERROR:child_process_launcher.cc(396)] Failed to launch child process
[0519/144632:FATAL:content_main_runner.cc(739)] Check failed: InitializeSandbox(params.sandbox_info). 
[0519/144707:ERROR:child_process_launcher.cc(396)] Failed to launch child process
[0519/144707:ERROR:child_process_launcher.cc(396)] Failed to launch child process
[0519/144750:ERROR:proxy_service_factory.cc(111)] Cannot use V8 Proxy resolver in single process mode.
[0519/144752:WARNING:pref_notifier_impl.cc(27)] pref observer found at shutdown proxy
[0519/150329:ERROR:proxy_service_factory.cc(111)] Cannot use V8 Proxy resolver in single process mode.
[0519/150330:WARNING:pref_notifier_impl.cc(27)] pref observer found at shutdown proxy
[0519/150333:FATAL:content_main_runner.cc(739)] Check failed: InitializeSandbox(params.sandbox_info). 
[0519/150501:ERROR:child_process_launcher.cc(396)] Failed to launch child process
[0519/150502:ERROR:child_process_launcher.cc(396)] Failed to launch child process
[0519/150526:FATAL:content_main_runner.cc(739)] Check failed: InitializeSandbox(params.sandbox_info). 
[0519/150635:ERROR:child_process_launcher.cc(396)] Failed to launch child process
[0519/150635:ERROR:child_process_launcher.cc(396)] Failed to launch child process
[0519/150643:FATAL:content_main_runner.cc(739)] Check failed: InitializeSandbox(params.sandbox_info). 
[0520/111237:ERROR:child_process_launcher.cc(396)] Failed to launch child process
[0520/111237:ERROR:child_process_launcher.cc(396)] Failed to launch child process
[0520/111331:ERROR:proxy_service_factory.cc(111)] Cannot use V8 Proxy resolver in single process mode.
[0520/111337:WARNING:pref_notifier_impl.cc(27)] pref observer found at shutdown proxy
[0520/111551:FATAL:content_main_runner.cc(739)] Check failed: InitializeSandbox(params.sandbox_info). 
[0520/111703:ERROR:proxy_service_factory.cc(111)] Cannot use V8 Proxy resolver in single process mode.
[0520/111811:ERROR:proxy_service_factory.cc(111)] Cannot use V8 Proxy resolver in single process mode.
[0520/112103:ERROR:proxy_service_factory.cc(111)] Cannot use V8 Proxy resolver in single process mode.
[0410/171256:ERROR:proxy_service_factory.cc(111)] Cannot use V8 Proxy resolver in single process mode.
[0410/173903:ERROR:proxy_service_factory.cc(111)] Cannot use V8 Proxy resolver in single process mode.
[0410/174002:FATAL:content_main_runner.cc(739)] Check failed: InitializeSandbox(params.sandbox_info). 
[0410/174036:ERROR:proxy_service_factory.cc(111)] Cannot use V8 Proxy resolver in single process mode.
[0410/195114:FATAL:content_main_runner.cc(739)] Check failed: InitializeSandbox(params.sandbox_info). 
[0410/195235:ERROR:proxy_service_factory.cc(111)] Cannot use V8 Proxy resolver in single process mode.
[0410/195351:FATAL:content_main_runner.cc(739)] Check failed: InitializeSandbox(params.sandbox_info). 
[0411/115430:ERROR:ipc_mojo_bootstrap.cc(105)] Got inconsistent message from client.
[0411/115501:ERROR:renderer_main.cc(227)] Running without renderer sandbox
[0411/115501:FATAL:content_main_runner.cc(728)] Check failed: InitializeSandbox(params.sandbox_info). 
[0411/115535:ERROR:ipc_mojo_bootstrap.cc(105)] Got inconsistent message from client.
[0411/115615:ERROR:renderer_main.cc(227)] Running without renderer sandbox
[0411/115615:FATAL:content_main_runner.cc(728)] Check failed: InitializeSandbox(params.sandbox_info). 
[0411/115653:FATAL:content_main_runner.cc(739)] Check failed: InitializeSandbox(params.sandbox_info). 
[0411/115710:ERROR:proxy_service_factory.cc(111)] Cannot use V8 Proxy resolver in single process mode.
[0411/115749:FATAL:content_main_runner.cc(739)] Check failed: InitializeSandbox(params.sandbox_info). 
[0411/115804:ERROR:proxy_service_factory.cc(111)] Cannot use V8 Proxy resolver in single process mode.
[0411/120010:ERROR:proxy_service_factory.cc(111)] Cannot use V8 Proxy resolver in single process mode.
[0411/120210:FATAL:content_main_runner.cc(739)] Check failed: InitializeSandbox(params.sandbox_info). 
[0411/120224:ERROR:proxy_service_factory.cc(111)] Cannot use V8 Proxy resolver in single process mode.
[0411/120226:WARNING:pref_notifier_impl.cc(27)] pref observer found at shutdown proxy
[0411/120230:FATAL:content_main_runner.cc(739)] Check failed: InitializeSandbox(params.sandbox_info). 
[0411/120338:ERROR:proxy_service_factory.cc(111)] Cannot use V8 Proxy resolver in single process mode.
[0411/120341:WARNING:raw_channel_win.cc(473)] WriteFile: パイプを閉じています。 (0xE8)
[0411/120341:WARNING:channel.cc(549)] Failed to send message to ack remove remote endpoint (local ID 2147483649, remote ID 3)
[0411/130804:ERROR:proxy_service_factory.cc(111)] Cannot use V8 Proxy resolver in single process mode.
[0411/130944:FATAL:content_main_runner.cc(739)] Check failed: InitializeSandbox(params.sandbox_info). 
[0411/131007:ERROR:proxy_service_factory.cc(111)] Cannot use V8 Proxy resolver in single process mode.
